#! /home/manoel/tools/oss-cad-suite/bin/vvp
:ivl_version "13.0 (devel)" "(s20250103-66-gd67d3323a)";
:ivl_delay_selection "TYPICAL";
:vpi_time_precision + 0;
:vpi_module "/home/manoel/tools/oss-cad-suite/lib/ivl/system.vpi";
:vpi_module "/home/manoel/tools/oss-cad-suite/lib/ivl/vhdl_sys.vpi";
:vpi_module "/home/manoel/tools/oss-cad-suite/lib/ivl/vhdl_textio.vpi";
:vpi_module "/home/manoel/tools/oss-cad-suite/lib/ivl/v2005_math.vpi";
:vpi_module "/home/manoel/tools/oss-cad-suite/lib/ivl/va_math.vpi";
:vpi_module "/home/manoel/tools/oss-cad-suite/lib/ivl/v2009.vpi";
S_0x55555b7a3150 .scope package, "$unit" "$unit" 2 1;
 .timescale 0 0;
S_0x55555b7a2670 .scope module, "tb_produto_escalar" "tb_produto_escalar" 3 1;
 .timescale 0 0;
L_0x7a344cd32060 .functor BUFT 1, C4<000000000000000000000000>, C4<0>, C4<0>, C4<0>;
v0x55555b7c3e70_0 .net *"_ivl_10", 23 0, L_0x7a344cd32060;  1 drivers
L_0x7a344cd320a8 .functor BUFT 1, C4<000000000000000000000000>, C4<0>, C4<0>, C4<0>;
v0x55555b7c3f70_0 .net *"_ivl_16", 23 0, L_0x7a344cd320a8;  1 drivers
L_0x7a344cd320f0 .functor BUFT 1, C4<000000000000000000000000>, C4<0>, C4<0>, C4<0>;
v0x55555b7c4050_0 .net *"_ivl_22", 23 0, L_0x7a344cd320f0;  1 drivers
L_0x7a344cd32138 .functor BUFT 1, C4<000000000000000000000000>, C4<0>, C4<0>, C4<0>;
v0x55555b7c4110_0 .net *"_ivl_28", 23 0, L_0x7a344cd32138;  1 drivers
L_0x7a344cd32180 .functor BUFT 1, C4<000000000000000000000000>, C4<0>, C4<0>, C4<0>;
v0x55555b7c41f0_0 .net *"_ivl_34", 23 0, L_0x7a344cd32180;  1 drivers
L_0x7a344cd32018 .functor BUFT 1, C4<000000000000000000000000>, C4<0>, C4<0>, C4<0>;
v0x55555b7c42d0_0 .net *"_ivl_4", 23 0, L_0x7a344cd32018;  1 drivers
L_0x7a344cd321c8 .functor BUFT 1, C4<000000000000000000000000>, C4<0>, C4<0>, C4<0>;
v0x55555b7c43b0_0 .net *"_ivl_40", 23 0, L_0x7a344cd321c8;  1 drivers
L_0x7a344cd32210 .functor BUFT 1, C4<000000000000000000000000>, C4<0>, C4<0>, C4<0>;
v0x55555b7c4490_0 .net *"_ivl_46", 23 0, L_0x7a344cd32210;  1 drivers
L_0x7a344cd32258 .functor BUFT 1, C4<000000000000000000000000>, C4<0>, C4<0>, C4<0>;
v0x55555b7c4570_0 .net *"_ivl_52", 23 0, L_0x7a344cd32258;  1 drivers
L_0x7a344cd322a0 .functor BUFT 1, C4<000000000000000000000000>, C4<0>, C4<0>, C4<0>;
v0x55555b7c4650_0 .net *"_ivl_58", 23 0, L_0x7a344cd322a0;  1 drivers
L_0x7a344cd322e8 .functor BUFT 1, C4<000000000000000000000000>, C4<0>, C4<0>, C4<0>;
v0x55555b7c4730_0 .net *"_ivl_64", 23 0, L_0x7a344cd322e8;  1 drivers
L_0x7a344cd32330 .functor BUFT 1, C4<000000000000000000000000>, C4<0>, C4<0>, C4<0>;
v0x55555b7c4810_0 .net *"_ivl_70", 23 0, L_0x7a344cd32330;  1 drivers
L_0x7a344cd32378 .functor BUFT 1, C4<000000000000000000000000>, C4<0>, C4<0>, C4<0>;
v0x55555b7c48f0_0 .net *"_ivl_76", 23 0, L_0x7a344cd32378;  1 drivers
L_0x7a344cd323c0 .functor BUFT 1, C4<000000000000000000000000>, C4<0>, C4<0>, C4<0>;
v0x55555b7c49d0_0 .net *"_ivl_82", 23 0, L_0x7a344cd323c0;  1 drivers
L_0x7a344cd32408 .functor BUFT 1, C4<000000000000000000000000>, C4<0>, C4<0>, C4<0>;
v0x55555b7c4ab0_0 .net *"_ivl_88", 23 0, L_0x7a344cd32408;  1 drivers
L_0x7a344cd32450 .functor BUFT 1, C4<000000000000000000000000>, C4<0>, C4<0>, C4<0>;
v0x55555b7c4b90_0 .net *"_ivl_94", 23 0, L_0x7a344cd32450;  1 drivers
v0x55555b7c4c70 .array/s "a", 7 0, 7 0;
v0x55555b7c4f40 .array/s "b", 7 0, 7 0;
v0x55555b7c5100_0 .var "clk", 0 0;
v0x55555b7c51a0_0 .net "done", 0 0, L_0x55555b7c5580;  1 drivers
v0x55555b7c5240_0 .var/i "i", 31 0;
v0x55555b7c52e0_0 .net/s "result", 63 0, L_0x55555b7c55f0;  1 drivers
v0x55555b7c53a0_0 .var "rst", 0 0;
v0x55555b7c5440_0 .var "start", 0 0;
v0x55555b7c54e0_0 .var/s "sw", 63 0;
E_0x55555b7526b0 .event anyedge, v0x55555b7c3890_0;
v0x55555b7c4c70_0 .array/port v0x55555b7c4c70, 0;
L_0x55555b7c5680 .concat [ 8 24 0 0], v0x55555b7c4c70_0, L_0x7a344cd32018;
v0x55555b7c4c70_1 .array/port v0x55555b7c4c70, 1;
L_0x55555b7d5790 .concat [ 8 24 0 0], v0x55555b7c4c70_1, L_0x7a344cd32060;
v0x55555b7c4c70_2 .array/port v0x55555b7c4c70, 2;
L_0x55555b7d5890 .concat [ 8 24 0 0], v0x55555b7c4c70_2, L_0x7a344cd320a8;
v0x55555b7c4c70_3 .array/port v0x55555b7c4c70, 3;
L_0x55555b7d5990 .concat [ 8 24 0 0], v0x55555b7c4c70_3, L_0x7a344cd320f0;
v0x55555b7c4c70_4 .array/port v0x55555b7c4c70, 4;
L_0x55555b7d5b40 .concat [ 8 24 0 0], v0x55555b7c4c70_4, L_0x7a344cd32138;
v0x55555b7c4c70_5 .array/port v0x55555b7c4c70, 5;
L_0x55555b7d5ce0 .concat [ 8 24 0 0], v0x55555b7c4c70_5, L_0x7a344cd32180;
v0x55555b7c4c70_6 .array/port v0x55555b7c4c70, 6;
L_0x55555b7d5e40 .concat [ 8 24 0 0], v0x55555b7c4c70_6, L_0x7a344cd321c8;
v0x55555b7c4c70_7 .array/port v0x55555b7c4c70, 7;
L_0x55555b7d5f60 .concat [ 8 24 0 0], v0x55555b7c4c70_7, L_0x7a344cd32210;
v0x55555b7c4f40_0 .array/port v0x55555b7c4f40, 0;
L_0x55555b7d6100 .concat [ 8 24 0 0], v0x55555b7c4f40_0, L_0x7a344cd32258;
v0x55555b7c4f40_1 .array/port v0x55555b7c4f40, 1;
L_0x55555b7d6250 .concat [ 8 24 0 0], v0x55555b7c4f40_1, L_0x7a344cd322a0;
v0x55555b7c4f40_2 .array/port v0x55555b7c4f40, 2;
L_0x55555b7d63b0 .concat [ 8 24 0 0], v0x55555b7c4f40_2, L_0x7a344cd322e8;
v0x55555b7c4f40_3 .array/port v0x55555b7c4f40, 3;
L_0x55555b7d64b0 .concat [ 8 24 0 0], v0x55555b7c4f40_3, L_0x7a344cd32330;
v0x55555b7c4f40_4 .array/port v0x55555b7c4f40, 4;
L_0x55555b7d6670 .concat [ 8 24 0 0], v0x55555b7c4f40_4, L_0x7a344cd32378;
v0x55555b7c4f40_5 .array/port v0x55555b7c4f40, 5;
L_0x55555b7d67c0 .concat [ 8 24 0 0], v0x55555b7c4f40_5, L_0x7a344cd323c0;
v0x55555b7c4f40_6 .array/port v0x55555b7c4f40, 6;
L_0x55555b7d6990 .concat [ 8 24 0 0], v0x55555b7c4f40_6, L_0x7a344cd32408;
v0x55555b7c4f40_7 .array/port v0x55555b7c4f40, 7;
L_0x55555b7d6ae0 .concat [ 8 24 0 0], v0x55555b7c4f40_7, L_0x7a344cd32450;
S_0x55555b7a1b90 .scope module, "dut" "produto_escalar" 3 16, 4 8 0, S_0x55555b7a2670;
 .timescale 0 0;
    .port_info 0 /INPUT 1 "clk";
    .port_info 1 /INPUT 1 "rst";
    .port_info 2 /INPUT 1 "i_start";
    .port_info 3 /OUTPUT 1 "o_done";
    .port_info 4 /OUTPUT 64 "o_result";
    .port_info 5 /INPUT 32 "i_a0";
    .port_info 6 /INPUT 32 "i_a1";
    .port_info 7 /INPUT 32 "i_a2";
    .port_info 8 /INPUT 32 "i_a3";
    .port_info 9 /INPUT 32 "i_a4";
    .port_info 10 /INPUT 32 "i_a5";
    .port_info 11 /INPUT 32 "i_a6";
    .port_info 12 /INPUT 32 "i_a7";
    .port_info 13 /INPUT 32 "i_b0";
    .port_info 14 /INPUT 32 "i_b1";
    .port_info 15 /INPUT 32 "i_b2";
    .port_info 16 /INPUT 32 "i_b3";
    .port_info 17 /INPUT 32 "i_b4";
    .port_info 18 /INPUT 32 "i_b5";
    .port_info 19 /INPUT 32 "i_b6";
    .port_info 20 /INPUT 32 "i_b7";
L_0x55555b7c5580 .functor BUFZ 1, v0x55555b7c2830_0, C4<0>, C4<0>, C4<0>;
L_0x55555b7c55f0 .functor BUFZ 64, v0x55555b7c3a30_0, C4<0000000000000000000000000000000000000000000000000000000000000000>, C4<0000000000000000000000000000000000000000000000000000000000000000>, C4<0000000000000000000000000000000000000000000000000000000000000000>;
v0x55555b799300 .array/s "a_reg", 7 0, 31 0;
v0x55555b7993a0_0 .var/s "acc", 63 0;
v0x55555b7c2610 .array/s "b_reg", 7 0, 31 0;
v0x55555b7c26b0_0 .var "busy", 0 0;
v0x55555b7c2770_0 .net "clk", 0 0, v0x55555b7c5100_0;  1 drivers
v0x55555b7c2830_0 .var "done_q", 0 0;
v0x55555b7c28f0_0 .net/s "i_a0", 31 0, L_0x55555b7c5680;  1 drivers
v0x55555b7c29d0_0 .net/s "i_a1", 31 0, L_0x55555b7d5790;  1 drivers
v0x55555b7c2ab0_0 .net/s "i_a2", 31 0, L_0x55555b7d5890;  1 drivers
v0x55555b7c2b90_0 .net/s "i_a3", 31 0, L_0x55555b7d5990;  1 drivers
v0x55555b7c2c70_0 .net/s "i_a4", 31 0, L_0x55555b7d5b40;  1 drivers
v0x55555b7c2d50_0 .net/s "i_a5", 31 0, L_0x55555b7d5ce0;  1 drivers
v0x55555b7c2e30_0 .net/s "i_a6", 31 0, L_0x55555b7d5e40;  1 drivers
v0x55555b7c2f10_0 .net/s "i_a7", 31 0, L_0x55555b7d5f60;  1 drivers
v0x55555b7c2ff0_0 .net/s "i_b0", 31 0, L_0x55555b7d6100;  1 drivers
v0x55555b7c30d0_0 .net/s "i_b1", 31 0, L_0x55555b7d6250;  1 drivers
v0x55555b7c31b0_0 .net/s "i_b2", 31 0, L_0x55555b7d63b0;  1 drivers
v0x55555b7c3290_0 .net/s "i_b3", 31 0, L_0x55555b7d64b0;  1 drivers
v0x55555b7c3370_0 .net/s "i_b4", 31 0, L_0x55555b7d6670;  1 drivers
v0x55555b7c3450_0 .net/s "i_b5", 31 0, L_0x55555b7d67c0;  1 drivers
v0x55555b7c3530_0 .net/s "i_b6", 31 0, L_0x55555b7d6990;  1 drivers
v0x55555b7c3610_0 .net/s "i_b7", 31 0, L_0x55555b7d6ae0;  1 drivers
v0x55555b7c36f0_0 .net "i_start", 0 0, v0x55555b7c5440_0;  1 drivers
v0x55555b7c37b0_0 .var "idx", 3 0;
v0x55555b7c3890_0 .net "o_done", 0 0, L_0x55555b7c5580;  alias, 1 drivers
v0x55555b7c3950_0 .net/s "o_result", 63 0, L_0x55555b7c55f0;  alias, 1 drivers
v0x55555b7c3a30_0 .var/s "result_q", 63 0;
v0x55555b7c3b10_0 .net "rst", 0 0, v0x55555b7c53a0_0;  1 drivers
E_0x55555b7917d0 .event posedge, v0x55555b7c3b10_0, v0x55555b7c2770_0;
    .scope S_0x55555b7a1b90;
T_0 ;
    %wait E_0x55555b7917d0;
    %load/vec4 v0x55555b7c3b10_0;
    %flag_set/vec4 8;
    %jmp/0xz  T_0.0, 8;
    %pushi/vec4 0, 0, 1;
    %assign/vec4 v0x55555b7c26b0_0, 0;
    %pushi/vec4 0, 0, 1;
    %assign/vec4 v0x55555b7c2830_0, 0;
    %pushi/vec4 0, 0, 64;
    %assign/vec4 v0x55555b7993a0_0, 0;
    %pushi/vec4 0, 0, 4;
    %assign/vec4 v0x55555b7c37b0_0, 0;
    %pushi/vec4 0, 0, 64;
    %assign/vec4 v0x55555b7c3a30_0, 0;
    %jmp T_0.1;
T_0.0 ;
    %load/vec4 v0x55555b7c36f0_0;
    %flag_set/vec4 9;
    %flag_get/vec4 9;
    %jmp/0 T_0.4, 9;
    %load/vec4 v0x55555b7c26b0_0;
    %nor/r;
    %and;
T_0.4;
    %flag_set/vec4 8;
    %jmp/0xz  T_0.2, 8;
    %load/vec4 v0x55555b7c28f0_0;
    %ix/load 3, 0, 0;
    %flag_set/imm 4, 0;
    %ix/load 4, 0, 0; Constant delay
    %assign/vec4/a/d v0x55555b799300, 0, 4;
    %load/vec4 v0x55555b7c29d0_0;
    %ix/load 3, 1, 0;
    %flag_set/imm 4, 0;
    %ix/load 4, 0, 0; Constant delay
    %assign/vec4/a/d v0x55555b799300, 0, 4;
    %load/vec4 v0x55555b7c2ab0_0;
    %ix/load 3, 2, 0;
    %flag_set/imm 4, 0;
    %ix/load 4, 0, 0; Constant delay
    %assign/vec4/a/d v0x55555b799300, 0, 4;
    %load/vec4 v0x55555b7c2b90_0;
    %ix/load 3, 3, 0;
    %flag_set/imm 4, 0;
    %ix/load 4, 0, 0; Constant delay
    %assign/vec4/a/d v0x55555b799300, 0, 4;
    %load/vec4 v0x55555b7c2c70_0;
    %ix/load 3, 4, 0;
    %flag_set/imm 4, 0;
    %ix/load 4, 0, 0; Constant delay
    %assign/vec4/a/d v0x55555b799300, 0, 4;
    %load/vec4 v0x55555b7c2d50_0;
    %ix/load 3, 5, 0;
    %flag_set/imm 4, 0;
    %ix/load 4, 0, 0; Constant delay
    %assign/vec4/a/d v0x55555b799300, 0, 4;
    %load/vec4 v0x55555b7c2e30_0;
    %ix/load 3, 6, 0;
    %flag_set/imm 4, 0;
    %ix/load 4, 0, 0; Constant delay
    %assign/vec4/a/d v0x55555b799300, 0, 4;
    %load/vec4 v0x55555b7c2f10_0;
    %ix/load 3, 7, 0;
    %flag_set/imm 4, 0;
    %ix/load 4, 0, 0; Constant delay
    %assign/vec4/a/d v0x55555b799300, 0, 4;
    %load/vec4 v0x55555b7c2ff0_0;
    %ix/load 3, 0, 0;
    %flag_set/imm 4, 0;
    %ix/load 4, 0, 0; Constant delay
    %assign/vec4/a/d v0x55555b7c2610, 0, 4;
    %load/vec4 v0x55555b7c30d0_0;
    %ix/load 3, 1, 0;
    %flag_set/imm 4, 0;
    %ix/load 4, 0, 0; Constant delay
    %assign/vec4/a/d v0x55555b7c2610, 0, 4;
    %load/vec4 v0x55555b7c31b0_0;
    %ix/load 3, 2, 0;
    %flag_set/imm 4, 0;
    %ix/load 4, 0, 0; Constant delay
    %assign/vec4/a/d v0x55555b7c2610, 0, 4;
    %load/vec4 v0x55555b7c3290_0;
    %ix/load 3, 3, 0;
    %flag_set/imm 4, 0;
    %ix/load 4, 0, 0; Constant delay
    %assign/vec4/a/d v0x55555b7c2610, 0, 4;
    %load/vec4 v0x55555b7c3370_0;
    %ix/load 3, 4, 0;
    %flag_set/imm 4, 0;
    %ix/load 4, 0, 0; Constant delay
    %assign/vec4/a/d v0x55555b7c2610, 0, 4;
    %load/vec4 v0x55555b7c3450_0;
    %ix/load 3, 5, 0;
    %flag_set/imm 4, 0;
    %ix/load 4, 0, 0; Constant delay
    %assign/vec4/a/d v0x55555b7c2610, 0, 4;
    %load/vec4 v0x55555b7c3530_0;
    %ix/load 3, 6, 0;
    %flag_set/imm 4, 0;
    %ix/load 4, 0, 0; Constant delay
    %assign/vec4/a/d v0x55555b7c2610, 0, 4;
    %load/vec4 v0x55555b7c3610_0;
    %ix/load 3, 7, 0;
    %flag_set/imm 4, 0;
    %ix/load 4, 0, 0; Constant delay
    %assign/vec4/a/d v0x55555b7c2610, 0, 4;
    %pushi/vec4 0, 0, 64;
    %assign/vec4 v0x55555b7993a0_0, 0;
    %pushi/vec4 0, 0, 4;
    %assign/vec4 v0x55555b7c37b0_0, 0;
    %pushi/vec4 1, 0, 1;
    %assign/vec4 v0x55555b7c26b0_0, 0;
    %pushi/vec4 0, 0, 1;
    %assign/vec4 v0x55555b7c2830_0, 0;
    %pushi/vec4 0, 0, 64;
    %assign/vec4 v0x55555b7c3a30_0, 0;
    %jmp T_0.3;
T_0.2 ;
    %load/vec4 v0x55555b7c26b0_0;
    %flag_set/vec4 8;
    %jmp/0xz  T_0.5, 8;
    %load/vec4 v0x55555b7993a0_0;
    %load/vec4 v0x55555b7c37b0_0;
    %pad/u 5;
    %ix/vec4 4;
    %load/vec4a v0x55555b799300, 4;
    %pad/s 64;
    %load/vec4 v0x55555b7c37b0_0;
    %pad/u 5;
    %ix/vec4 4;
    %load/vec4a v0x55555b7c2610, 4;
    %pad/s 64;
    %mul;
    %add;
    %assign/vec4 v0x55555b7993a0_0, 0;
    %load/vec4 v0x55555b7c37b0_0;
    %cmpi/e 7, 0, 4;
    %jmp/0xz  T_0.7, 4;
    %pushi/vec4 0, 0, 1;
    %assign/vec4 v0x55555b7c26b0_0, 0;
    %pushi/vec4 1, 0, 1;
    %assign/vec4 v0x55555b7c2830_0, 0;
    %load/vec4 v0x55555b7993a0_0;
    %ix/load 4, 7, 0;
    %flag_set/imm 4, 0;
    %load/vec4a v0x55555b799300, 4;
    %pad/s 64;
    %ix/load 4, 7, 0;
    %flag_set/imm 4, 0;
    %load/vec4a v0x55555b7c2610, 4;
    %pad/s 64;
    %mul;
    %add;
    %assign/vec4 v0x55555b7c3a30_0, 0;
    %jmp T_0.8;
T_0.7 ;
    %load/vec4 v0x55555b7c37b0_0;
    %addi 1, 0, 4;
    %assign/vec4 v0x55555b7c37b0_0, 0;
T_0.8 ;
    %jmp T_0.6;
T_0.5 ;
    %load/vec4 v0x55555b7c36f0_0;
    %nor/r;
    %flag_set/vec4 8;
    %jmp/0xz  T_0.9, 8;
    %pushi/vec4 0, 0, 1;
    %assign/vec4 v0x55555b7c2830_0, 0;
T_0.9 ;
T_0.6 ;
T_0.3 ;
T_0.1 ;
    %jmp T_0;
    .thread T_0;
    .scope S_0x55555b7a2670;
T_1 ;
    %delay 5, 0;
    %load/vec4 v0x55555b7c5100_0;
    %inv;
    %store/vec4 v0x55555b7c5100_0, 0, 1;
    %jmp T_1;
    .thread T_1;
    .scope S_0x55555b7a2670;
T_2 ;
    %pushi/vec4 0, 0, 1;
    %store/vec4 v0x55555b7c5100_0, 0, 1;
    %pushi/vec4 1, 0, 1;
    %store/vec4 v0x55555b7c53a0_0, 0, 1;
    %pushi/vec4 0, 0, 1;
    %store/vec4 v0x55555b7c5440_0, 0, 1;
    %delay 10, 0;
    %pushi/vec4 0, 0, 1;
    %store/vec4 v0x55555b7c53a0_0, 0, 1;
    %pushi/vec4 0, 0, 32;
    %store/vec4 v0x55555b7c5240_0, 0, 32;
T_2.0 ; Top of for-loop
    %load/vec4 v0x55555b7c5240_0;
    %cmpi/s 8, 0, 32;
	  %jmp/0xz T_2.1, 5;
    %load/vec4 v0x55555b7c5240_0;
    %pad/s 8;
    %ix/getv/s 4, v0x55555b7c5240_0;
    %store/vec4a v0x55555b7c4c70, 4, 0;
    %pushi/vec4 8, 0, 32;
    %load/vec4 v0x55555b7c5240_0;
    %sub;
    %pad/s 8;
    %ix/getv/s 4, v0x55555b7c5240_0;
    %store/vec4a v0x55555b7c4f40, 4, 0;
T_2.2 ; for-loop step statement
    %load/vec4 v0x55555b7c5240_0;
    %addi 1, 0, 32;
    %store/vec4 v0x55555b7c5240_0, 0, 32;
    %jmp T_2.0;
T_2.1 ; for-loop exit label
    %pushi/vec4 1, 0, 1;
    %store/vec4 v0x55555b7c5440_0, 0, 1;
    %delay 10, 0;
    %pushi/vec4 0, 0, 1;
    %store/vec4 v0x55555b7c5440_0, 0, 1;
T_2.3 ;
    %load/vec4 v0x55555b7c51a0_0;
    %cmpi/ne 1, 0, 1;
    %jmp/0xz T_2.4, 6;
    %wait E_0x55555b7526b0;
    %jmp T_2.3;
T_2.4 ;
    %pushi/vec4 0, 0, 64;
    %store/vec4 v0x55555b7c54e0_0, 0, 64;
    %pushi/vec4 0, 0, 32;
    %store/vec4 v0x55555b7c5240_0, 0, 32;
T_2.5 ; Top of for-loop
    %load/vec4 v0x55555b7c5240_0;
    %cmpi/s 8, 0, 32;
	  %jmp/0xz T_2.6, 5;
    %load/vec4 v0x55555b7c54e0_0;
    %ix/getv/s 4, v0x55555b7c5240_0;
    %load/vec4a v0x55555b7c4c70, 4;
    %pad/s 64;
    %ix/getv/s 4, v0x55555b7c5240_0;
    %load/vec4a v0x55555b7c4f40, 4;
    %pad/s 64;
    %mul;
    %add;
    %store/vec4 v0x55555b7c54e0_0, 0, 64;
T_2.7 ; for-loop step statement
    %load/vec4 v0x55555b7c5240_0;
    %addi 1, 0, 32;
    %store/vec4 v0x55555b7c5240_0, 0, 32;
    %jmp T_2.5;
T_2.6 ; for-loop exit label
    %vpi_call/w 3 59 "$display", "SW RESULT: %0d", v0x55555b7c54e0_0 {0 0 0};
    %vpi_call/w 3 60 "$display", "HW RESULT: %0d", v0x55555b7c52e0_0 {0 0 0};
    %load/vec4 v0x55555b7c52e0_0;
    %load/vec4 v0x55555b7c54e0_0;
    %cmp/ne;
    %jmp/0xz  T_2.8, 6;
    %vpi_call/w 3 63 "$display", "\342\235\214 TEST FAILED" {0 0 0};
    %jmp T_2.9;
T_2.8 ;
    %vpi_call/w 3 65 "$display", "\342\234\205 TEST PASSED" {0 0 0};
T_2.9 ;
    %vpi_call/w 3 67 "$finish" {0 0 0};
    %end;
    .thread T_2;
# The file index is used to find the file name in the following table.
:file_names 5;
    "N/A";
    "<interactive>";
    "-";
    "tb_produto_escalar.sv";
    "produto_escalar.sv";
